<?xml version="1.0" encoding="UTF-8"?>
<coverage generated="1653660150613" clover="3.2.0">
  <project timestamp="1653660150613" name="All files">
    <metrics statements="15" coveredstatements="15" conditionals="10" coveredconditionals="10" methods="1" coveredmethods="1" elements="26" coveredelements="26" complexity="0" loc="15" ncloc="15" packages="1" files="1" classes="1"/>
    <file name="index.js" path="/home/desoares/Projects/easy-winston-logger/index.js">
      <metrics statements="15" coveredstatements="15" conditionals="10" coveredconditionals="10" methods="1" coveredmethods="1"/>
      <line num="3" count="1" type="stmt"/>
      <line num="4" count="1" type="stmt"/>
      <line num="5" count="1" type="stmt"/>
      <line num="7" count="1" type="stmt"/>
      <line num="13" count="1" type="stmt"/>
      <line num="21" count="7" type="cond" truecount="2" falsecount="0"/>
      <line num="44" count="7" type="stmt"/>
      <line num="45" count="7" type="cond" truecount="2" falsecount="0"/>
      <line num="51" count="7" type="cond" truecount="2" falsecount="0"/>
      <line num="52" count="2" type="cond" truecount="2" falsecount="0"/>
      <line num="53" count="2" type="stmt"/>
      <line num="54" count="2" type="stmt"/>
      <line num="57" count="7" type="stmt"/>
      <line num="62" count="7" type="stmt"/>
      <line num="65" count="1" type="stmt"/>
    </file>
  </project>
</coverage>
