{"/home/desoares/Projects/easy-winston-logger/index.js": {"path":"/home/desoares/Projects/easy-winston-logger/index.js","statementMap":{"0":{"start":{"line":3,"column":16},"end":{"line":3,"column":34}},"1":{"start":{"line":4,"column":20},"end":{"line":4,"column":46}},"2":{"start":{"line":5,"column":25},"end":{"line":5,"column":61}},"3":{"start":{"line":7,"column":19},"end":{"line":11,"column":1}},"4":{"start":{"line":13,"column":0},"end":{"line":18,"column":3}},"5":{"start":{"line":21,"column":25},"end":{"line":43,"column":3}},"6":{"start":{"line":44,"column":20},"end":{"line":44,"column":50}},"7":{"start":{"line":45,"column":18},"end":{"line":49,"column":10}},"8":{"start":{"line":51,"column":2},"end":{"line":55,"column":3}},"9":{"start":{"line":52,"column":4},"end":{"line":52,"column":100}},"10":{"start":{"line":53,"column":4},"end":{"line":53,"column":55}},"11":{"start":{"line":54,"column":4},"end":{"line":54,"column":58}},"12":{"start":{"line":57,"column":17},"end":{"line":60,"column":4}},"13":{"start":{"line":62,"column":2},"end":{"line":62,"column":16}},"14":{"start":{"line":65,"column":0},"end":{"line":65,"column":30}}},"fnMap":{"0":{"name":"createLogger","decl":{"start":{"line":20,"column":9},"end":{"line":20,"column":21}},"loc":{"start":{"line":20,"column":30},"end":{"line":63,"column":1}},"line":20}},"branchMap":{"0":{"loc":{"start":{"line":21,"column":25},"end":{"line":43,"column":3}},"type":"cond-expr","locations":[{"start":{"line":21,"column":56},"end":{"line":21,"column":62}},{"start":{"line":21,"column":65},"end":{"line":43,"column":3}}],"line":21},"1":{"loc":{"start":{"line":23,"column":11},"end":{"line":23,"column":58}},"type":"cond-expr","locations":[{"start":{"line":23,"column":40},"end":{"line":23,"column":46}},{"start":{"line":23,"column":49},"end":{"line":23,"column":58}}],"line":23},"2":{"loc":{"start":{"line":45,"column":18},"end":{"line":49,"column":10}},"type":"cond-expr","locations":[{"start":{"line":45,"column":53},"end":{"line":49,"column":3}},{"start":{"line":49,"column":6},"end":{"line":49,"column":10}}],"line":45},"3":{"loc":{"start":{"line":51,"column":2},"end":{"line":55,"column":3}},"type":"if","locations":[{"start":{"line":51,"column":2},"end":{"line":55,"column":3}},{"start":{},"end":{}}],"line":51},"4":{"loc":{"start":{"line":52,"column":45},"end":{"line":52,"column":86}},"type":"binary-expr","locations":[{"start":{"line":52,"column":45},"end":{"line":52,"column":76}},{"start":{"line":52,"column":80},"end":{"line":52,"column":86}}],"line":52}},"s":{"0":1,"1":1,"2":1,"3":1,"4":1,"5":7,"6":7,"7":7,"8":7,"9":2,"10":2,"11":2,"12":7,"13":7,"14":1},"f":{"0":7},"b":{"0":[5,2],"1":[1,1],"2":[1,6],"3":[2,5],"4":[2,1]},"_coverageSchema":"1a1c01bbd47fc00a2c39e90264f33305004495a9","hash":"de95c48d1aab7576e88b24ce9c6a0558d7baa5eb"}
}
